2025-04-01 19:50:00,791 - setup - INFO - Iniciando instalação do sistema de automação de análise de dados imobiliários
2025-04-01 19:50:00,791 - setup - INFO - Versão do Python compatível: 3.12.6 (tags/v3.12.6:a4a2d2b, Sep  6 2024, 20:11:23) [MSC v.1940 64 bit (AMD64)]
2025-04-01 19:50:00,791 - setup - INFO - Instalando dependências...
2025-04-01 19:50:00,791 - setup - INFO - Instalando pandas...
2025-04-01 19:50:02,296 - setup - INFO - pandas instalado com sucesso
2025-04-01 19:50:02,297 - setup - INFO - Instalando numpy...
2025-04-01 19:50:03,600 - setup - INFO - numpy instalado com sucesso
2025-04-01 19:50:03,601 - setup - INFO - Instalando matplotlib...
2025-04-01 19:50:04,916 - setup - INFO - matplotlib instalado com sucesso
2025-04-01 19:50:04,917 - setup - INFO - Instalando seaborn...
2025-04-01 19:50:06,248 - setup - INFO - seaborn instalado com sucesso
2025-04-01 19:50:06,248 - setup - INFO - Instalando scikit-learn...
2025-04-01 19:50:07,557 - setup - INFO - scikit-learn instalado com sucesso
2025-04-01 19:50:07,558 - setup - INFO - Instalando statsmodels...
2025-04-01 19:50:08,879 - setup - INFO - statsmodels instalado com sucesso
2025-04-01 19:50:08,879 - setup - INFO - Instalando reportlab...
2025-04-01 19:50:10,186 - setup - INFO - reportlab instalado com sucesso
2025-04-01 19:50:10,186 - setup - INFO - Instalando openpyxl...
2025-04-01 19:50:11,495 - setup - INFO - openpyxl instalado com sucesso
2025-04-01 19:50:11,496 - setup - INFO - Instalando jinja2...
2025-04-01 19:50:12,805 - setup - INFO - jinja2 instalado com sucesso
2025-04-01 19:50:12,805 - setup - INFO - Instalando weasyprint...
2025-04-01 19:50:14,137 - setup - INFO - weasyprint instalado com sucesso
2025-04-01 19:50:14,137 - setup - INFO - Todas as dependências foram instaladas com sucesso
2025-04-01 19:50:14,138 - setup - INFO - Verificando estrutura de diretórios...
2025-04-01 19:50:14,138 - setup - INFO - Diretório 'data' já existe
2025-04-01 19:50:14,138 - setup - INFO - Diretório 'output' já existe
2025-04-01 19:50:14,139 - setup - INFO - Diretório 'templates' criado
2025-04-01 19:50:14,139 - setup - INFO - Estrutura de diretórios verificada com sucesso
2025-04-01 19:50:14,139 - setup - INFO - Instalação concluída com sucesso!
